<?xml version="1.0" encoding="UTF-8"?>
<!-- Generated by org.testng.reporters.JUnitXMLReporter -->
<testsuite ignored="0" hostname="Rahulsbook" failures="0" tests="5" name="Default test" time="10.15" errors="0" timestamp="2025-08-19T16:13:38 IST">
  <testcase classname="TestingDay27.TestsExtentReport4" name="loginTest" time="2.135"/>
  <testcase classname="TestingDay27.TestsExtentReport4" name="viewAllOrders" time="0.827"/>
  <testcase classname="TestingDay27.TestsExtentReport4" name="viewAllProducts" time="0.502"/>
  <testcase classname="TestingDay27.TestsExtentReport4" name="orderPageTest" time="0.202"/>
  <testcase classname="TestingDay27.TestsExtentReport4" name="logoutTest" time="1.148"/>
</testsuite> <!-- Default test -->
